Element has been skipped
Type: 9  Block: 1  Word: 1
Reason: Unsupported nongraphic element

Element has been skipped
Type: 8  Block: 4  Word: 1
Reason: Unsupported nongraphic element

Element has been skipped
Type: 10  Block: 4  Word: 179
Reason: Unsupported nongraphic element

Element has been skipped
Type: 66  Block: 11  Word: 1
Reason: Unknown nongraphic element

Element has been skipped
Type: 66  Block: 13  Word: 89
Reason: Unknown nongraphic element

Element has been skipped
Type: 34  Block: 15  Word: 177
Reason: Unsupported graphic element

Element has been skipped
Type: 34  Block: 16  Word: 42
Reason: Unsupported graphic element

Element has been skipped
Type: 34  Block: 17  Word: 197
Reason: Unsupported graphic element

Element has been skipped
Type: 34  Block: 37  Word: 52
Reason: Unsupported graphic element

Element has been skipped
Type: 34  Block: 37  Word: 173
Reason: Unsupported graphic element

Element has been skipped
Type: 34  Block: 39  Word: 72
Reason: Unsupported graphic element

Element has been skipped
Type: 66  Block: 284  Word: 3
Reason: Unknown nongraphic element

Element has been skipped
Type: 37  Block: 285  Word: 22
Reason: Unknown nongraphic element

Element has been skipped
Type: 37  Block: 285  Word: 179
Reason: Unknown nongraphic element

Element has been skipped
Type: 37  Block: 286  Word: 80
Reason: Unknown nongraphic element

Element has been skipped
Type: 37  Block: 286  Word: 237
Reason: Unknown nongraphic element

Element has been skipped
Type: 37  Block: 287  Word: 138
Reason: Unknown nongraphic element

Element has been skipped
Type: 37  Block: 288  Word: 39
Reason: Unknown nongraphic element

Element has been skipped
Type: 37  Block: 288  Word: 196
Reason: Unknown nongraphic element

Element has been skipped
Type: 37  Block: 289  Word: 97
Reason: Unknown nongraphic element

Element has been skipped
Type: 37  Block: 289  Word: 254
Reason: Unknown nongraphic element

Element has been skipped
Type: 37  Block: 290  Word: 155
Reason: Unknown nongraphic element

Element has been skipped
Type: 37  Block: 291  Word: 56
Reason: Unknown nongraphic element

Element has been skipped
Type: 37  Block: 291  Word: 213
Reason: Unknown nongraphic element

Element has been skipped
Type: 37  Block: 292  Word: 114
Reason: Unknown nongraphic element

Element has been skipped
Type: 37  Block: 293  Word: 15
Reason: Unknown nongraphic element

Element has been skipped
Type: 37  Block: 293  Word: 172
Reason: Unknown nongraphic element

Element has been skipped
Type: 37  Block: 294  Word: 73
Reason: Unknown nongraphic element

Element has been skipped
Type: 37  Block: 294  Word: 230
Reason: Unknown nongraphic element

Element has been skipped
Type: 37  Block: 295  Word: 131
Reason: Unknown nongraphic element

Element has been skipped
Type: 37  Block: 296  Word: 32
Reason: Unknown nongraphic element

Element has been skipped
Type: 5  Block: 600  Word: 19
Reason: Unsupported nongraphic element

Element has been skipped
Type: 5  Block: 601  Word: 199
Reason: Unsupported nongraphic element

Element has been skipped
Type: 5  Block: 606  Word: 14
Reason: Unsupported nongraphic element

Element has been skipped
Type: 5  Block: 607  Word: 51
Reason: Unsupported nongraphic element

Element has been skipped
Type: 5  Block: 607  Word: 141
Reason: Unsupported nongraphic element

Element has been skipped
Type: 5  Block: 608  Word: 174
Reason: Unsupported nongraphic element

Element has been skipped
Type: 5  Block: 610  Word: 89
Reason: Unsupported nongraphic element

Element has been skipped
Type: 5  Block: 611  Word: 63
Reason: Unsupported nongraphic element

Element has been skipped
Type: 5  Block: 613  Word: 23
Reason: Unsupported nongraphic element

Element has been skipped
Type: 5  Block: 613  Word: 243
Reason: Unsupported nongraphic element

Element has been skipped
Type: 5  Block: 614  Word: 146
Reason: Unsupported nongraphic element

Element has been skipped
Type: 5  Block: 615  Word: 49
Reason: Unsupported nongraphic element

Element has been skipped
Type: 5  Block: 615  Word: 208
Reason: Unsupported nongraphic element

Element has been skipped
Type: 5  Block: 616  Word: 38
Reason: Unsupported nongraphic element

Element has been skipped
Type: 5  Block: 618  Word: 2
Reason: Unsupported nongraphic element

Element has been skipped
Type: 5  Block: 618  Word: 157
Reason: Unsupported nongraphic element

Element has been skipped
Type: 5  Block: 618  Word: 255
Reason: Unsupported nongraphic element

Element has been skipped
Type: 5  Block: 619  Word: 211
Reason: Unsupported nongraphic element

Element has been skipped
Type: 5  Block: 620  Word: 224
Reason: Unsupported nongraphic element

Element has been skipped
Type: 5  Block: 621  Word: 245
Reason: Unsupported nongraphic element

Element has been skipped
Type: 5  Block: 623  Word: 88
Reason: Unsupported nongraphic element

Element has been skipped
Type: 5  Block: 626  Word: 164
Reason: Unsupported nongraphic element

Element has been skipped
Type: 5  Block: 629  Word: 97
Reason: Unsupported nongraphic element

Element has been skipped
Type: 5  Block: 630  Word: 155
Reason: Unsupported nongraphic element

Element has been skipped
Type: 5  Block: 631  Word: 168
Reason: Unsupported nongraphic element

Element has been skipped
Type: 5  Block: 632  Word: 242
Reason: Unsupported nongraphic element

Element has been skipped
Type: 5  Block: 633  Word: 145
Reason: Unsupported nongraphic element

Element has been skipped
Type: 5  Block: 634  Word: 129
Reason: Unsupported nongraphic element

Element has been skipped
Type: 5  Block: 635  Word: 142
Reason: Unsupported nongraphic element

Element has been skipped
Type: 5  Block: 636  Word: 57
Reason: Unsupported nongraphic element

Element has been skipped
Type: 5  Block: 636  Word: 143
Reason: Unsupported nongraphic element

Element has been skipped
Type: 5  Block: 636  Word: 229
Reason: Unsupported nongraphic element

Element has been skipped
Type: 5  Block: 637  Word: 79
Reason: Unsupported nongraphic element

Element has been skipped
Type: 5  Block: 637  Word: 181
Reason: Unsupported nongraphic element

Element has been skipped
Type: 5  Block: 638  Word: 27
Reason: Unsupported nongraphic element

Element has been skipped
Type: 5  Block: 638  Word: 113
Reason: Unsupported nongraphic element

Element has been skipped
Type: 5  Block: 638  Word: 199
Reason: Unsupported nongraphic element

Element has been skipped
Type: 5  Block: 639  Word: 29
Reason: Unsupported nongraphic element

Element has been skipped
Type: 5  Block: 639  Word: 115
Reason: Unsupported nongraphic element

Element has been skipped
Type: 5  Block: 639  Word: 201
Reason: Unsupported nongraphic element

Element has been skipped
Type: 5  Block: 640  Word: 31
Reason: Unsupported nongraphic element

Element has been skipped
Type: 5  Block: 640  Word: 117
Reason: Unsupported nongraphic element

Element has been skipped
Type: 5  Block: 640  Word: 203
Reason: Unsupported nongraphic element

Element has been skipped
Type: 5  Block: 641  Word: 33
Reason: Unsupported nongraphic element

Element has been skipped
Type: 5  Block: 641  Word: 119
Reason: Unsupported nongraphic element

Element has been skipped
Type: 5  Block: 641  Word: 209
Reason: Unsupported nongraphic element

Element has been skipped
Type: 5  Block: 642  Word: 39
Reason: Unsupported nongraphic element

Element has been skipped
Type: 5  Block: 642  Word: 125
Reason: Unsupported nongraphic element

Element has been skipped
Type: 5  Block: 642  Word: 211
Reason: Unsupported nongraphic element

Element has been skipped
Type: 5  Block: 643  Word: 41
Reason: Unsupported nongraphic element

Element has been skipped
Type: 5  Block: 643  Word: 127
Reason: Unsupported nongraphic element

Element has been skipped
Type: 5  Block: 643  Word: 213
Reason: Unsupported nongraphic element

Element has been skipped
Type: 5  Block: 644  Word: 43
Reason: Unsupported nongraphic element

Element has been skipped
Type: 5  Block: 644  Word: 129
Reason: Unsupported nongraphic element

Element has been skipped
Type: 5  Block: 644  Word: 215
Reason: Unsupported nongraphic element

Element has been skipped
Type: 5  Block: 645  Word: 45
Reason: Unsupported nongraphic element

Element has been skipped
Type: 5  Block: 649  Word: 51
Reason: Unsupported nongraphic element

Element has been skipped
Type: 5  Block: 649  Word: 198
Reason: Unsupported nongraphic element

Element has been skipped
Type: 5  Block: 651  Word: 170
Reason: Unsupported nongraphic element

Element has been skipped
Type: 5  Block: 653  Word: 138
Reason: Unsupported nongraphic element

Element has been skipped
Type: 5  Block: 653  Word: 244
Reason: Unsupported nongraphic element

Element has been skipped
Type: 5  Block: 654  Word: 94
Reason: Unsupported nongraphic element

Element has been skipped
Type: 5  Block: 654  Word: 200
Reason: Unsupported nongraphic element

Element has been skipped
Type: 5  Block: 655  Word: 50
Reason: Unsupported nongraphic element

Element has been skipped
Type: 5  Block: 656  Word: 156
Reason: Unsupported nongraphic element

Element has been skipped
Type: 5  Block: 658  Word: 148
Reason: Unsupported nongraphic element

Element has been skipped
Type: 5  Block: 658  Word: 234
Reason: Unsupported nongraphic element

Element has been skipped
Type: 5  Block: 659  Word: 64
Reason: Unsupported nongraphic element

Element has been skipped
Type: 5  Block: 659  Word: 150
Reason: Unsupported nongraphic element

Element has been skipped
Type: 5  Block: 659  Word: 236
Reason: Unsupported nongraphic element

Element has been skipped
Type: 5  Block: 660  Word: 66
Reason: Unsupported nongraphic element

Element has been skipped
Type: 5  Block: 660  Word: 126
Reason: Unsupported nongraphic element

Element has been skipped
Type: 5  Block: 660  Word: 212
Reason: Unsupported nongraphic element

Element has been skipped
Type: 5  Block: 661  Word: 46
Reason: Unsupported nongraphic element

Element has been skipped
Type: 5  Block: 661  Word: 132
Reason: Unsupported nongraphic element

Element has been skipped
Type: 5  Block: 661  Word: 222
Reason: Unsupported nongraphic element

Element has been skipped
Type: 5  Block: 662  Word: 52
Reason: Unsupported nongraphic element

Element has been skipped
Type: 5  Block: 662  Word: 138
Reason: Unsupported nongraphic element

Element has been skipped
Type: 5  Block: 662  Word: 228
Reason: Unsupported nongraphic element

Element has been skipped
Type: 5  Block: 663  Word: 58
Reason: Unsupported nongraphic element

Element has been skipped
Type: 5  Block: 663  Word: 144
Reason: Unsupported nongraphic element

Element has been skipped
Type: 5  Block: 663  Word: 230
Reason: Unsupported nongraphic element

Element has been skipped
Type: 5  Block: 664  Word: 60
Reason: Unsupported nongraphic element

Element has been skipped
Type: 5  Block: 664  Word: 146
Reason: Unsupported nongraphic element

Element has been skipped
Type: 5  Block: 669  Word: 62
Reason: Unsupported nongraphic element

Element has been skipped
Type: 5  Block: 669  Word: 201
Reason: Unsupported nongraphic element

Element has been skipped
Type: 5  Block: 670  Word: 88
Reason: Unsupported nongraphic element

Element has been skipped
Type: 5  Block: 670  Word: 231
Reason: Unsupported nongraphic element

Element has been skipped
Type: 5  Block: 672  Word: 135
Reason: Unsupported nongraphic element

Element has been skipped
Type: 5  Block: 672  Word: 245
Reason: Unsupported nongraphic element

Element has been skipped
Type: 5  Block: 673  Word: 95
Reason: Unsupported nongraphic element

Element has been skipped
Type: 5  Block: 673  Word: 205
Reason: Unsupported nongraphic element

Element has been skipped
Type: 5  Block: 674  Word: 136
Reason: Unsupported nongraphic element

Element has been skipped
Type: 5  Block: 675  Word: 51
Reason: Unsupported nongraphic element

Element has been skipped
Type: 5  Block: 675  Word: 153
Reason: Unsupported nongraphic element

Element has been skipped
Type: 5  Block: 676  Word: 11
Reason: Unsupported nongraphic element

Element has been skipped
Type: 5  Block: 676  Word: 203
Reason: Unsupported nongraphic element

Element has been skipped
Type: 5  Block: 678  Word: 151
Reason: Unsupported nongraphic element

Element has been skipped
Type: 5  Block: 679  Word: 5
Reason: Unsupported nongraphic element

Element has been skipped
Type: 5  Block: 679  Word: 99
Reason: Unsupported nongraphic element

Element has been skipped
Type: 5  Block: 679  Word: 205
Reason: Unsupported nongraphic element

Element has been skipped
Type: 5  Block: 680  Word: 230
Reason: Unsupported nongraphic element

Element has been skipped
Type: 5  Block: 682  Word: 52
Reason: Unsupported nongraphic element

Element has been skipped
Type: 5  Block: 682  Word: 146
Reason: Unsupported nongraphic element

Element has been skipped
Type: 5  Block: 683  Word: 167
Reason: Unsupported nongraphic element

Element has been skipped
Type: 5  Block: 684  Word: 219
Reason: Unsupported nongraphic element

Element has been skipped
Type: 5  Block: 685  Word: 80
Reason: Unsupported nongraphic element

Element has been skipped
Type: 5  Block: 685  Word: 223
Reason: Unsupported nongraphic element

Element has been skipped
Type: 5  Block: 686  Word: 206
Reason: Unsupported nongraphic element

Element has been skipped
Type: 5  Block: 687  Word: 166
Reason: Unsupported nongraphic element

Element has been skipped
Type: 5  Block: 689  Word: 138
Reason: Unsupported nongraphic element

Element has been skipped
Type: 5  Block: 690  Word: 106
Reason: Unsupported nongraphic element

Element has been skipped
Type: 5  Block: 691  Word: 78
Reason: Unsupported nongraphic element

Element has been skipped
Type: 5  Block: 692  Word: 99
Reason: Unsupported nongraphic element

Element has been skipped
Type: 5  Block: 693  Word: 132
Reason: Unsupported nongraphic element

Element has been skipped
Type: 5  Block: 694  Word: 35
Reason: Unsupported nongraphic element

Element has been skipped
Type: 5  Block: 694  Word: 190
Reason: Unsupported nongraphic element

Element has been skipped
Type: 5  Block: 698  Word: 226
Reason: Unsupported nongraphic element

Element has been skipped
Type: 5  Block: 700  Word: 72
Reason: Unsupported nongraphic element

Element has been skipped
Type: 5  Block: 701  Word: 40
Reason: Unsupported nongraphic element

Element has been skipped
Type: 5  Block: 702  Word: 12
Reason: Unsupported nongraphic element

Element has been skipped
Type: 5  Block: 702  Word: 98
Reason: Unsupported nongraphic element

Element has been skipped
Type: 5  Block: 703  Word: 9
Reason: Unsupported nongraphic element

Element has been skipped
Type: 5  Block: 704  Word: 107
Reason: Unsupported nongraphic element

Element has been skipped
Type: 5  Block: 704  Word: 179
Reason: Unsupported nongraphic element

Element has been skipped
Type: 5  Block: 706  Word: 171
Reason: Unsupported nongraphic element

Element has been skipped
Type: 5  Block: 707  Word: 127
Reason: Unsupported nongraphic element

Element has been skipped
Type: 5  Block: 708  Word: 181
Reason: Unsupported nongraphic element

Element has been skipped
Type: 5  Block: 709  Word: 174
Reason: Unsupported nongraphic element

Element has been skipped
Type: 5  Block: 710  Word: 69
Reason: Unsupported nongraphic element

Element has been skipped
Type: 5  Block: 710  Word: 216
Reason: Unsupported nongraphic element

Element has been skipped
Type: 5  Block: 711  Word: 99
Reason: Unsupported nongraphic element

Element has been skipped
Type: 5  Block: 712  Word: 194
Reason: Unsupported nongraphic element

Element has been skipped
Type: 5  Block: 713  Word: 244
Reason: Unsupported nongraphic element

Element has been skipped
Type: 5  Block: 714  Word: 188
Reason: Unsupported nongraphic element

Element has been skipped
Type: 5  Block: 715  Word: 242
Reason: Unsupported nongraphic element

Element has been skipped
Type: 5  Block: 716  Word: 103
Reason: Unsupported nongraphic element

Element has been skipped
Type: 5  Block: 719  Word: 85
Reason: Unsupported nongraphic element

Element has been skipped
Type: 5  Block: 720  Word: 29
Reason: Unsupported nongraphic element

Element has been skipped
Type: 5  Block: 720  Word: 233
Reason: Unsupported nongraphic element

Element has been skipped
Type: 5  Block: 724  Word: 47
Reason: Unsupported nongraphic element

Element has been skipped
Type: 5  Block: 729  Word: 143
Reason: Unsupported nongraphic element

Element has been skipped
Type: 5  Block: 731  Word: 230
Reason: Unsupported nongraphic element

Element has been skipped
Type: 5  Block: 733  Word: 85
Reason: Unsupported nongraphic element

Element has been skipped
Type: 5  Block: 734  Word: 188
Reason: Unsupported nongraphic element

Element has been skipped
Type: 5  Block: 735  Word: 95
Reason: Unsupported nongraphic element

Element has been skipped
Type: 5  Block: 736  Word: 120
Reason: Unsupported nongraphic element

Element has been skipped
Type: 5  Block: 737  Word: 35
Reason: Unsupported nongraphic element

Element has been skipped
Type: 5  Block: 738  Word: 84
Reason: Unsupported nongraphic element

Element has been skipped
Type: 5  Block: 739  Word: 68
Reason: Unsupported nongraphic element

Element has been skipped
Type: 5  Block: 740  Word: 191
Reason: Unsupported nongraphic element

Element has been skipped
Type: 5  Block: 741  Word: 151
Reason: Unsupported nongraphic element

Element has been skipped
Type: 5  Block: 742  Word: 241
Reason: Unsupported nongraphic element

Element has been skipped
Type: 5  Block: 744  Word: 75
Reason: Unsupported nongraphic element

Element has been skipped
Type: 5  Block: 745  Word: 165
Reason: Unsupported nongraphic element

Element has been skipped
Type: 5  Block: 746  Word: 255
Reason: Unsupported nongraphic element

Element has been skipped
Type: 5  Block: 748  Word: 89
Reason: Unsupported nongraphic element

Element has been skipped
Type: 5  Block: 749  Word: 179
Reason: Unsupported nongraphic element

Element has been skipped
Type: 5  Block: 751  Word: 13
Reason: Unsupported nongraphic element

Element has been skipped
Type: 5  Block: 753  Word: 10
Reason: Unsupported nongraphic element

Element has been skipped
Type: 5  Block: 753  Word: 161
Reason: Unsupported nongraphic element

Element has been skipped
Type: 5  Block: 754  Word: 117
Reason: Unsupported nongraphic element

Element has been skipped
Type: 5  Block: 755  Word: 12
Reason: Unsupported nongraphic element

Element has been skipped
Type: 5  Block: 755  Word: 204
Reason: Unsupported nongraphic element

Element has been skipped
Type: 5  Block: 756  Word: 254
Reason: Unsupported nongraphic element

Element has been skipped
Type: 5  Block: 761  Word: 148
Reason: Unsupported nongraphic element

Element has been skipped
Type: 5  Block: 762  Word: 31
Reason: Unsupported nongraphic element

Element has been skipped
Type: 5  Block: 762  Word: 170
Reason: Unsupported nongraphic element

Element has been skipped
Type: 5  Block: 765  Word: 26
Reason: Unsupported nongraphic element

Element has been skipped
Type: 5  Block: 768  Word: 118
Reason: Unsupported nongraphic element

Element has been skipped
Type: 5  Block: 770  Word: 144
Reason: Unsupported nongraphic element

Element has been skipped
Type: 5  Block: 771  Word: 27
Reason: Unsupported nongraphic element

